$ python3 tools/frontier.py --limit 20
exit=0

[stdout]
Coverage
--------
Functions: 235/474 (49.6%)

Active TUs
----------
shell_xbox.obj                    2/3    remaining=1    frontier=1    score=3    src=?
effects.obj                       5/7    remaining=2    frontier=6    score=15   src=effects/effects.c
hud.obj                           1/4    remaining=3    frontier=3    score=5    src=interface/hud.c
(unknown)                         1/4    remaining=3    frontier=0    score=0    src=?
particles.obj                     4/8    remaining=4    frontier=8    score=29   src=effects/particles.c
player_control.obj                1/5    remaining=4    frontier=3    score=5    src=game/player_control.c
game_state.obj                    4/9    remaining=5    frontier=7    score=28   src=saved_games/game_state.c
scenario.obj                      5/11   remaining=6    frontier=6    score=25   src=scenario/scenario.c
game_engine.obj                   5/12   remaining=7    frontier=11   score=40   src=game/game_engine.c
contrails.obj                     4/11   remaining=7    frontier=11   score=50   src=effects/contrails.c
players.obj                      20/29   remaining=9    frontier=13   score=34   src=game/players.c
ui_widget.obj                     2/11   remaining=9    frontier=9    score=54   src=interface/ui_widget.c
main.obj                         12/28   remaining=16   frontier=25   score=96   src=main/main.c

Quick Wins
----------
LIBCMT:_control87.obj             0/1    remaining=1    frontier=1    score=7    src=?
LIBCMT:qsort.obj                  0/1    remaining=1    frontier=0    score=0    src=?
LIBCMT:strncpy.obj                0/1    remaining=1    frontier=1    score=7    src=?
LIBCMT:vsprintf.obj               0/1    remaining=1    frontier=0    score=0    src=?
LIBCMT:wcsncpy.obj                0/1    remaining=1    frontier=1    score=7    src=?
bitmaps.obj                       0/1    remaining=1    frontier=0    score=0    src=bitmaps/bitmaps.c
crc.obj                           0/1    remaining=1    frontier=0    score=0    src=memory/crc.c
d3d_intimacy.obj                  0/1    remaining=1    frontier=0    score=0    src=?
errors.obj                        0/1    remaining=1    frontier=11   score=27   src=cseries/errors.c
files.obj                         0/1    remaining=1    frontier=0    score=0    src=tag_files/files.c
first_person_weapons.obj          0/1    remaining=1    frontier=1    score=7    src=interface/first_person_weapons.c
game_statistics.obj               0/1    remaining=1    frontier=1    score=7    src=?
items.obj                         0/1    remaining=1    frontier=1    score=7    src=items/items.c
marketing_and_strategic_business_development.obj    0/1    remaining=1    frontier=1    score=7    src=interface/marketing_and_strategic_business_development.c
network_messages.obj              0/1    remaining=1    frontier=1    score=7    src=networking/network_messages.c
predicted_resources.obj           0/1    remaining=1    frontier=0    score=0    src=?
projectiles.obj                   0/1    remaining=1    frontier=1    score=7    src=items/projectiles.c
rasterizer_xbox.obj               0/1    remaining=1    frontier=1    score=7    src=rasterizer/xbox/rasterizer_xbox.c
stack_walk_windows.obj            0/1    remaining=1    frontier=1    score=7    src=cseries/stack_walk_windows.c
tag_groups.obj                    0/1    remaining=1    frontier=0    score=0    src=?

Recommended Next Targets
------------------------
main.obj                         12/28   remaining=16   frontier=25   score=96   src=main/main.c
profile.obj                       0/10   remaining=10   frontier=14   score=78   src=cseries/profile.c
cache_files_windows.obj           0/8    remaining=8    frontier=10   score=60   src=cache/cache_files_windows.c
ui_widget.obj                     2/11   remaining=9    frontier=9    score=54   src=interface/ui_widget.c
objects.obj                       0/7    remaining=7    frontier=8    score=51   src=objects/objects.c
contrails.obj                     4/11   remaining=7    frontier=11   score=50   src=effects/contrails.c
ai.obj                            0/7    remaining=7    frontier=7    score=49   src=ai/ai.c
network_game_globals.obj          0/6    remaining=6    frontier=6    score=42   src=networking/network_game_globals.c
rasterizer.obj                    0/7    remaining=7    frontier=6    score=42   src=rasterizer/rasterizer.c
player_queues_new.obj             0/7    remaining=7    frontier=8    score=41   src=game/player_queues_new.c
game_engine.obj                   5/12   remaining=7    frontier=11   score=40   src=game/game_engine.c
console.obj                       0/6    remaining=6    frontier=5    score=35   src=main/console.c
director.obj                      0/5    remaining=5    frontier=5    score=35   src=camera/director.c
game_sound.obj                    0/5    remaining=5    frontier=5    score=35   src=sound/game_sound.c
hs.obj                            0/5    remaining=5    frontier=5    score=35   src=hs/hs.c
recorded_animations.obj           0/5    remaining=5    frontier=5    score=35   src=cutscene/recorded_animations.c
players.obj                      20/29   remaining=9    frontier=13   score=34   src=game/players.c
particles.obj                     4/8    remaining=4    frontier=8    score=29   src=effects/particles.c
bink_playback.obj                 0/4    remaining=4    frontier=4    score=28   src=bink/bink_playback.c
cseries_windows.obj               0/2    remaining=2    frontier=9    score=28   src=cseries/cseries_windows.c
  candidates for main.obj:
  - 0xe8d20 display_error_damaged_media
  - 0x100c10 main_change_map_name
  - 0x100de0 main_skip_private
  - 0x100eb0 main_save_map_private
  - 0x101040 main_won_map_private
  candidates for profile.obj:
  - 0x8fa40 profile_enter_private
  - 0x8fac0 profile_exit_private
  - 0x913e0 profile_tick_start
  - 0x91470 profile_tick_end
  - 0x91510 profile_render_start
  candidates for cache_files_windows.obj:
  - 0x1bc6a0 cache_files_precache_set_priority
  - 0x1bc6b0 cache_files_precache_in_progress
  - 0x1bc6c0 cache_files_precache_is_copying_map
  - 0x1bc6f0 cache_files_precache_map_queue_end
  - 0x1bcf00 cache_files_precache_map_status
  candidates for ui_widget.obj:
  - 0xe3be0 ui_widgets_initialize
  - 0xe4470 ui_widget_load_progress_widget
  - 0xe44d0 display_error_when_main_menu_loaded
  - 0xe58c0 ui_widgets_close_all
  - 0xe6a60 ui_widgets_dispose
  candidates for objects.obj:
  - 0x13d680 object_get_and_verify_type
  - 0x13f060 objects_place
  - 0x13f810 objects_initialize
  - 0x13f950 objects_initialize_for_new_map
  - 0x13f9f0 objects_dispose_from_old_map
  candidates for contrails.obj:
  - 0x978f0 contrail_delete
  - 0x97a50 contrail_compute
  - 0x97ae0 contrail_validate
  - 0x97db0 contrail_add_point
  - 0x97e40 contrail_set_state
  candidates for ai.obj:
  - 0x3f670 ai_initialize
  - 0x3f6f0 ai_dispose
  - 0x3f720 ai_dispose_from_old_map
  - 0x3f760 ai_place
  - 0x41090 ai_initialize_for_new_map
  candidates for network_game_globals.obj:
  - 0x12a1e0 dispose_global_network_game_client
  - 0x12a210 network_game_server_start_frame
  - 0x12a2a0 dispose_global_network_game_server
  - 0x12a2d0 network_game_client_start_frame
  - 0x12a500 network_game_client_end_frame
  candidates for rasterizer.obj:
  - 0x17c7e0 rasterizer_frame_begin
  - 0x17c8c0 rasterizer_windows_begin
  - 0x17c900 rasterizer_window_end
  - 0x17c910 rasterizer_windows_end
  - 0x17c920 rasterizer_frame_end
  candidates for player_queues_new.obj:
  - 0xb8e40 update_client_start
  - 0xb8f90 update_get_maximum_actions
  - 0xb90d0 update_server_new
  - 0xb9150 update_server_delete
  - 0xb91b0 update_server_start
  candidates for game_engine.obj:
  - 0xa8220 game_engine_evaluate_game_complexity
  - 0xacdd0 game_engine_update_non_deterministic
  - 0xae760 game_engine_initialize_for_new_map
  - 0xaf370 game_engine_update
  candidates for console.obj:
  - 0xff400 console_initialize
  - 0xff460 console_initialize_for_new_map
  - 0xff550 console_warning
  - 0xff8a0 console_startup
  - 0xff9c0 console_dispose
  candidates for director.obj:
  - 0x861a0 director_initialize
  - 0x861c0 director_dispose
  - 0x86890 director_dispose_from_old_map
  - 0x87520 director_initialize_for_new_map
  - 0x875f0 director_update
  candidates for game_sound.obj:
  - 0x1c7030 game_sound_initialize
  - 0x1c7060 game_sound_dispose
  - 0x1c7080 game_sound_initialize_for_new_map
  - 0x1c7e40 game_sound_dispose_from_old_map
  - 0x1c8140 game_sound_update
  candidates for hs.obj:
  - 0xc3c30 hs_dispose
  - 0xc3c50 hs_update
  - 0xc4d90 hs_initialize_for_new_map
  - 0xc4dd0 hs_dispose_from_old_map
  - 0xc5050 hs_initialize
  candidates for recorded_animations.obj:
  - 0x94bb0 recorded_animations_initialize
  - 0x94c30 recorded_animations_dispose
  - 0x94c60 recorded_animations_dispose_from_old_map
  - 0x94cb0 recorded_animations_update
  - 0x95280 recorded_animations_initialize_for_new_map
  candidates for players.obj:
  - 0xba710 any_player_is_in_the_air
  - 0xbb2f0 player_new
  - 0xbc750 players_respawn_coop
  - 0xbd100 players_update_before_game
  - 0xbdbf0 players_update_after_game
  candidates for particles.obj:
  - 0xa18c0 particle_delete
  - 0xa1b60 particle_step
  - 0xa1c30 particle_move
  candidates for bink_playback.obj:
  - 0x1c61a0 bink_playback_initialize
  - 0x1c6310 bink_playback_dispose
  - 0x1c63e0 bink_playback_render
  - 0x1c6870 bink_playback_update
  candidates for cseries_windows.obj:
  - 0x8e2f0 system_exit
  - 0x8e370 system_milliseconds

[stderr]
INFO:knowledge:Loading knowledge base...
INFO:knowledge:520 symbols were identified with objects, 60 were not
INFO:knowledge:82 of 99 object files have known source mapping
