Module manifest file error on line 2 of file: C:\Users\stian\AppData\Roaming\ghidra\ghidra_12.0.3_PUBLIC\Extensions\GhidraMCP\Module.manifest
	-> Invalid line encountered: GHIDRA_MODULE_NAME=GhidraMCP
Module manifest file error on line 3 of file: C:\Users\stian\AppData\Roaming\ghidra\ghidra_12.0.3_PUBLIC\Extensions\GhidraMCP\Module.manifest
	-> Invalid line encountered: GHIDRA_MODULE_DESC=An HTTP server plugin for Ghidra
Module manifest file error on line 2 of file: C:\Users\stian\AppData\Roaming\ghidra\ghidra_12.0.3_PUBLIC\Extensions\GhidraMCP\Module.manifest
	-> Invalid line encountered: GHIDRA_MODULE_NAME=GhidraMCP
Module manifest file error on line 3 of file: C:\Users\stian\AppData\Roaming\ghidra\ghidra_12.0.3_PUBLIC\Extensions\GhidraMCP\Module.manifest
	-> Invalid line encountered: GHIDRA_MODULE_DESC=An HTTP server plugin for Ghidra
INFO  Using log config file: jar:file:/G:/ghidra_12.0.3_PUBLIC_20260210/ghidra_12.0.3_PUBLIC/Ghidra/Framework/Generic/lib/Generic.jar!/generic.log4j.xml (LoggingInitialization)  
INFO  Using log file: G:\dev\halo\artifacts\objdiff\ghidra_headless.log (LoggingInitialization)  
INFO  Loading user preferences: C:\Users\stian\AppData\Roaming\ghidra\ghidra_12.0.3_PUBLIC\preferences (Preferences)  
INFO  Searching for classes... (ClassSearcher)  
INFO  Class search complete (531 ms) (ClassSearcher)  
INFO  Initializing SSL Context (DefaultSSLContextInitializer)  
INFO  Initializing Random Number Generator... (SecureRandomFactory)  
INFO  Random Number Generator initialization complete: SHA1PRNG (SecureRandomFactory)  
INFO  Trust manager disabled, cacerts have not been set (DefaultTrustManagerFactory)  
INFO  Headless startup complete (1170 ms) (AnalyzeHeadless)  
INFO  Class searcher loaded 59 extension points (18 false positives) (ClassSearcher)  
WARNING: A terminally deprecated method in sun.misc.Unsafe has been called
WARNING: sun.misc.Unsafe::staticFieldOffset has been called by org.apache.felix.framework.util.SecureAction (file:/G:/ghidra_12.0.3_PUBLIC_20260210/ghidra_12.0.3_PUBLIC/Ghidra/Features/Base/lib/org.apache.felix.framework-7.0.5.jar)
WARNING: Please consider reporting this to the maintainers of class org.apache.felix.framework.util.SecureAction
WARNING: sun.misc.Unsafe::staticFieldOffset will be removed in a future release
INFO  HEADLESS Script Paths:
    G:\ghidra_12.0.3_PUBLIC_20260210\ghidra_12.0.3_PUBLIC\Ghidra\Features\PyGhidra\ghidra_scripts
    G:\ghidra_12.0.3_PUBLIC_20260210\ghidra_12.0.3_PUBLIC\Ghidra\Features\WildcardAssembler\ghidra_scripts
    G:\ghidra_12.0.3_PUBLIC_20260210\ghidra_12.0.3_PUBLIC\Ghidra\Features\VersionTracking\ghidra_scripts
    G:\ghidra_12.0.3_PUBLIC_20260210\ghidra_12.0.3_PUBLIC\Ghidra\Features\Jython\ghidra_scripts
    C:\Users\stian\ghidra_scripts
    G:\ghidra_12.0.3_PUBLIC_20260210\ghidra_12.0.3_PUBLIC\Ghidra\Features\Decompiler\ghidra_scripts
    G:\ghidra_12.0.3_PUBLIC_20260210\ghidra_12.0.3_PUBLIC\Ghidra\Features\BytePatterns\ghidra_scripts
    G:\ghidra_12.0.3_PUBLIC_20260210\ghidra_12.0.3_PUBLIC\Ghidra\Features\SystemEmulation\ghidra_scripts
    G:\ghidra_12.0.3_PUBLIC_20260210\ghidra_12.0.3_PUBLIC\Ghidra\Processors\JVM\ghidra_scripts
    G:\ghidra_12.0.3_PUBLIC_20260210\ghidra_12.0.3_PUBLIC\Ghidra\Features\Base\ghidra_scripts
    G:\ghidra_12.0.3_PUBLIC_20260210\ghidra_12.0.3_PUBLIC\Ghidra\Processors\8051\ghidra_scripts
    G:\ghidra_12.0.3_PUBLIC_20260210\ghidra_12.0.3_PUBLIC\Ghidra\Processors\DATA\ghidra_scripts
    C:\Users\stian\AppData\Roaming\ghidra\ghidra_12.0.3_PUBLIC\Extensions\ghidra-xbe\ghidra_scripts
    G:\ghidra_12.0.3_PUBLIC_20260210\ghidra_12.0.3_PUBLIC\Ghidra\Features\BSim\ghidra_scripts
    G:\ghidra_12.0.3_PUBLIC_20260210\ghidra_12.0.3_PUBLIC\Ghidra\Features\DecompilerDependent\ghidra_scripts
    G:\ghidra_12.0.3_PUBLIC_20260210\ghidra_12.0.3_PUBLIC\Ghidra\Features\PDB\ghidra_scripts
    G:\ghidra_12.0.3_PUBLIC_20260210\ghidra_12.0.3_PUBLIC\Ghidra\Features\GnuDemangler\ghidra_scripts
    G:\ghidra_12.0.3_PUBLIC_20260210\ghidra_12.0.3_PUBLIC\Ghidra\Features\MicrosoftCodeAnalyzer\ghidra_scripts
    G:\ghidra_12.0.3_PUBLIC_20260210\ghidra_12.0.3_PUBLIC\Ghidra\Debug\Debugger-rmi-trace\ghidra_scripts
    G:\ghidra_12.0.3_PUBLIC_20260210\ghidra_12.0.3_PUBLIC\Ghidra\Debug\Debugger\ghidra_scripts
    G:\ghidra_12.0.3_PUBLIC_20260210\ghidra_12.0.3_PUBLIC\Ghidra\Features\FileFormats\ghidra_scripts
    C:\Users\stian\AppData\Roaming\ghidra\ghidra_12.0.3_PUBLIC\Extensions\ghidra-delinker-extension\ghidra_scripts
    G:\ghidra_12.0.3_PUBLIC_20260210\ghidra_12.0.3_PUBLIC\Ghidra\Processors\PIC\ghidra_scripts
    G:\ghidra_12.0.3_PUBLIC_20260210\ghidra_12.0.3_PUBLIC\Ghidra\Features\SwiftDemangler\ghidra_scripts
    G:\ghidra_12.0.3_PUBLIC_20260210\ghidra_12.0.3_PUBLIC\Ghidra\Processors\Atmel\ghidra_scripts
    G:\ghidra_12.0.3_PUBLIC_20260210\ghidra_12.0.3_PUBLIC\Ghidra\Features\FunctionID\ghidra_scripts (HeadlessAnalyzer)  
INFO  HEADLESS: execution starts (HeadlessAnalyzer)  
INFO  Opening existing project: G:\dev\Reverse Engineering\Halo 1\Halo 1 Xbox (HeadlessAnalyzer)  
INFO  Opening project: G:\dev\Reverse Engineering\Halo 1\Halo 1 Xbox (HeadlessProject)  
ERROR Abort due to Headless analyzer error: ghidra.framework.store.LockException: Unable to lock project! G:\dev\Reverse Engineering\Halo 1\Halo 1 Xbox (HeadlessAnalyzer) java.io.IOException: ghidra.framework.store.LockException: Unable to lock project! G:\dev\Reverse Engineering\Halo 1\Halo 1 Xbox
	at ghidra.app.util.headless.HeadlessAnalyzer.openProject(HeadlessAnalyzer.java:1815)
	at ghidra.app.util.headless.HeadlessAnalyzer.processLocal(HeadlessAnalyzer.java:433)
	at ghidra.app.util.headless.AnalyzeHeadless.launch(AnalyzeHeadless.java:199)
	at ghidra.GhidraLauncher.launch(GhidraLauncher.java:81)
	at ghidra.Ghidra.main(Ghidra.java:54)
Caused by: ghidra.framework.store.LockException: Unable to lock project! G:\dev\Reverse Engineering\Halo 1\Halo 1 Xbox
	at ghidra.framework.data.DefaultProjectData.getProjectLock(DefaultProjectData.java:354)
	at ghidra.framework.data.DefaultProjectData.initLock(DefaultProjectData.java:324)
	at ghidra.framework.data.DefaultProjectData.init(DefaultProjectData.java:316)
	at ghidra.framework.data.DefaultProjectData.<init>(DefaultProjectData.java:119)
	at ghidra.framework.project.DefaultProject.<init>(DefaultProject.java:116)
	at ghidra.app.util.headless.HeadlessAnalyzer$HeadlessProject.<init>(HeadlessAnalyzer.java:1856)
	at ghidra.app.util.headless.HeadlessAnalyzer.openProject(HeadlessAnalyzer.java:1809)
	... 4 more
 
