2026-04-13 13:08:23 INFO  (LoggingInitialization) Using log config file: jar:file:/G:/ghidra_12.0.3_PUBLIC_20260210/ghidra_12.0.3_PUBLIC/Ghidra/Framework/Generic/lib/Generic.jar!/generic.log4j.xml  
2026-04-13 13:08:23 INFO  (LoggingInitialization) Using log file: G:\dev\halo\artifacts\objdiff\ghidra_headless.log  
2026-04-13 13:08:23 INFO  (Preferences) Loading user preferences: C:\Users\stian\AppData\Roaming\ghidra\ghidra_12.0.3_PUBLIC\preferences  
2026-04-13 13:08:23 INFO  (ClassSearcher) Searching for classes...  
2026-04-13 13:08:24 INFO  (ClassSearcher) Class search complete (531 ms)  
2026-04-13 13:08:24 INFO  (DefaultSSLContextInitializer) Initializing SSL Context  
2026-04-13 13:08:24 INFO  (SecureRandomFactory) Initializing Random Number Generator...  
2026-04-13 13:08:24 INFO  (SecureRandomFactory) Random Number Generator initialization complete: SHA1PRNG  
2026-04-13 13:08:24 INFO  (DefaultTrustManagerFactory) Trust manager disabled, cacerts have not been set  
2026-04-13 13:08:24 INFO  (AnalyzeHeadless) Headless startup complete (1170 ms)  
2026-04-13 13:08:24 INFO  (ClassSearcher) Class searcher loaded 59 extension points (18 false positives)  
2026-04-13 13:08:24 INFO  (HeadlessAnalyzer) HEADLESS Script Paths:
    G:\ghidra_12.0.3_PUBLIC_20260210\ghidra_12.0.3_PUBLIC\Ghidra\Features\PyGhidra\ghidra_scripts
    G:\ghidra_12.0.3_PUBLIC_20260210\ghidra_12.0.3_PUBLIC\Ghidra\Features\WildcardAssembler\ghidra_scripts
    G:\ghidra_12.0.3_PUBLIC_20260210\ghidra_12.0.3_PUBLIC\Ghidra\Features\VersionTracking\ghidra_scripts
    G:\ghidra_12.0.3_PUBLIC_20260210\ghidra_12.0.3_PUBLIC\Ghidra\Features\Jython\ghidra_scripts
    C:\Users\stian\ghidra_scripts
    G:\ghidra_12.0.3_PUBLIC_20260210\ghidra_12.0.3_PUBLIC\Ghidra\Features\Decompiler\ghidra_scripts
    G:\ghidra_12.0.3_PUBLIC_20260210\ghidra_12.0.3_PUBLIC\Ghidra\Features\BytePatterns\ghidra_scripts
    G:\ghidra_12.0.3_PUBLIC_20260210\ghidra_12.0.3_PUBLIC\Ghidra\Features\SystemEmulation\ghidra_scripts
    G:\ghidra_12.0.3_PUBLIC_20260210\ghidra_12.0.3_PUBLIC\Ghidra\Processors\JVM\ghidra_scripts
    G:\ghidra_12.0.3_PUBLIC_20260210\ghidra_12.0.3_PUBLIC\Ghidra\Features\Base\ghidra_scripts
    G:\ghidra_12.0.3_PUBLIC_20260210\ghidra_12.0.3_PUBLIC\Ghidra\Processors\8051\ghidra_scripts
    G:\ghidra_12.0.3_PUBLIC_20260210\ghidra_12.0.3_PUBLIC\Ghidra\Processors\DATA\ghidra_scripts
    C:\Users\stian\AppData\Roaming\ghidra\ghidra_12.0.3_PUBLIC\Extensions\ghidra-xbe\ghidra_scripts
    G:\ghidra_12.0.3_PUBLIC_20260210\ghidra_12.0.3_PUBLIC\Ghidra\Features\BSim\ghidra_scripts
    G:\ghidra_12.0.3_PUBLIC_20260210\ghidra_12.0.3_PUBLIC\Ghidra\Features\DecompilerDependent\ghidra_scripts
    G:\ghidra_12.0.3_PUBLIC_20260210\ghidra_12.0.3_PUBLIC\Ghidra\Features\PDB\ghidra_scripts
    G:\ghidra_12.0.3_PUBLIC_20260210\ghidra_12.0.3_PUBLIC\Ghidra\Features\GnuDemangler\ghidra_scripts
    G:\ghidra_12.0.3_PUBLIC_20260210\ghidra_12.0.3_PUBLIC\Ghidra\Features\MicrosoftCodeAnalyzer\ghidra_scripts
    G:\ghidra_12.0.3_PUBLIC_20260210\ghidra_12.0.3_PUBLIC\Ghidra\Debug\Debugger-rmi-trace\ghidra_scripts
    G:\ghidra_12.0.3_PUBLIC_20260210\ghidra_12.0.3_PUBLIC\Ghidra\Debug\Debugger\ghidra_scripts
    G:\ghidra_12.0.3_PUBLIC_20260210\ghidra_12.0.3_PUBLIC\Ghidra\Features\FileFormats\ghidra_scripts
    C:\Users\stian\AppData\Roaming\ghidra\ghidra_12.0.3_PUBLIC\Extensions\ghidra-delinker-extension\ghidra_scripts
    G:\ghidra_12.0.3_PUBLIC_20260210\ghidra_12.0.3_PUBLIC\Ghidra\Processors\PIC\ghidra_scripts
    G:\ghidra_12.0.3_PUBLIC_20260210\ghidra_12.0.3_PUBLIC\Ghidra\Features\SwiftDemangler\ghidra_scripts
    G:\ghidra_12.0.3_PUBLIC_20260210\ghidra_12.0.3_PUBLIC\Ghidra\Processors\Atmel\ghidra_scripts
    G:\ghidra_12.0.3_PUBLIC_20260210\ghidra_12.0.3_PUBLIC\Ghidra\Features\FunctionID\ghidra_scripts  
2026-04-13 13:08:24 INFO  (HeadlessAnalyzer) HEADLESS: execution starts  
2026-04-13 13:08:24 INFO  (HeadlessAnalyzer) Opening existing project: G:\dev\Reverse Engineering\Halo 1\Halo 1 Xbox  
2026-04-13 13:08:24 INFO  (HeadlessProject) Opening project: G:\dev\Reverse Engineering\Halo 1\Halo 1 Xbox  
2026-04-13 13:08:24 ERROR (HeadlessAnalyzer) Abort due to Headless analyzer error: ghidra.framework.store.LockException: Unable to lock project! G:\dev\Reverse Engineering\Halo 1\Halo 1 Xbox java.io.IOException: ghidra.framework.store.LockException: Unable to lock project! G:\dev\Reverse Engineering\Halo 1\Halo 1 Xbox
	at ghidra.app.util.headless.HeadlessAnalyzer.openProject(HeadlessAnalyzer.java:1815)
	at ghidra.app.util.headless.HeadlessAnalyzer.processLocal(HeadlessAnalyzer.java:433)
	at ghidra.app.util.headless.AnalyzeHeadless.launch(AnalyzeHeadless.java:199)
	at ghidra.GhidraLauncher.launch(GhidraLauncher.java:81)
	at ghidra.Ghidra.main(Ghidra.java:54)
Caused by: ghidra.framework.store.LockException: Unable to lock project! G:\dev\Reverse Engineering\Halo 1\Halo 1 Xbox
	at ghidra.framework.data.DefaultProjectData.getProjectLock(DefaultProjectData.java:354)
	at ghidra.framework.data.DefaultProjectData.initLock(DefaultProjectData.java:324)
	at ghidra.framework.data.DefaultProjectData.init(DefaultProjectData.java:316)
	at ghidra.framework.data.DefaultProjectData.<init>(DefaultProjectData.java:119)
	at ghidra.framework.project.DefaultProject.<init>(DefaultProject.java:116)
	at ghidra.app.util.headless.HeadlessAnalyzer$HeadlessProject.<init>(HeadlessAnalyzer.java:1856)
	at ghidra.app.util.headless.HeadlessAnalyzer.openProject(HeadlessAnalyzer.java:1809)
	... 4 more
 
