[  0%] Built target create_gen_dir
[  3%] Built target import_libs_target
[  4%] Building C object CMakeFiles/halo.dir/src/halo/game/players.c.obj
[  5%] Generating generated/build_info.c, generated/.force
[  6%] Building C object CMakeFiles/halo.dir/generated/build_info.c.obj
[  8%] Linking C executable halo
[100%] Built target halo
gmake[2]: Warning: File 'halo' has modification time 0.67 s in the future
INFO:__main__:Original XBE: /mnt/g/dev/halo/halo-patched/cachebeta.xbe
INFO:knowledge:Loading knowledge base...
INFO:knowledge:531 symbols were identified with objects, 60 were not
INFO:knowledge:85 of 99 object files have known source mapping
INFO:__main__:Verifying original XBE MD5
INFO:__main__:Ok
INFO:__main__:Loading original XBE
INFO:__main__:Loading EXE /mnt/g/dev/halo/build/halo
INFO:__main__:EXE image base 400000
INFO:__main__:Rebasing EXE from 400000 to 642000
INFO:__main__:Patching EXE header from [400000:401000) into XBE as section "hdr.patch" [642000:643000) length 1000
INFO:__main__:Patching EXE section into XBE:
    ".text" [401000:410c42) length fc42, raw length fe00, flags rx (EXE)
  ->".text.patch" [643000:653000) length 10000 (XBE)
INFO:__main__:Patching EXE section into XBE:
    ".rdata" [411000:41817c) length 717c, raw length 7200, flags r (EXE)
  ->".rdata.patch" [653000:65b000) length 8000 (XBE)
INFO:__main__:Patching EXE section into XBE:
    ".data" [419000:41945c) length 45c, raw length 200, flags rw (EXE)
  ->".data.patch" [65b000:65c000) length 1000 (XBE)
INFO:__main__:Patching EXE section into XBE:
    ".thunks" [41a000:41a135) length 135, raw length 200, flags rx (EXE)
  ->".thunks.patch" [65c000:65d000) length 1000 (XBE)
INFO:__main__:Skipping section ".reloc"
INFO:__main__:Processing imports from image "halo.xbe"
INFO:__main__:Patching EXE import of XBE symbol "XPhysicalAlloc" at 658c28 with 1d36d4
INFO:__main__:Patching EXE import of XBE symbol "__control87" at 658c2c with 1db67f
INFO:__main__:Patching EXE import of XBE symbol "_wcsncpy" at 658c30 with 1dc061
INFO:__main__:Patching EXE import of XBE symbol "ai_dispose" at 658c34 with 3f6f0
INFO:__main__:Patching EXE import of XBE symbol "ai_dispose_from_old_map" at 658c38 with 3f720
INFO:__main__:Patching EXE import of XBE symbol "ai_enemies_can_see_player" at 658c3c with 425a0
INFO:__main__:Patching EXE import of XBE symbol "ai_initialize" at 658c40 with 3f670
INFO:__main__:Patching EXE import of XBE symbol "ai_initialize_for_new_map" at 658c44 with 41090
INFO:__main__:Patching EXE import of XBE symbol "ai_place" at 658c48 with 3f760
INFO:__main__:Patching EXE import of XBE symbol "ai_update" at 658c4c with 41180
INFO:__main__:Patching EXE import of XBE symbol "any_player_is_in_the_air" at 658c50 with ba710
INFO:__main__:Patching EXE import of XBE symbol "any_unit_is_dangerous" at 658c54 with 1aa3c0
INFO:__main__:Patching EXE import of XBE symbol "breakable_surface_globals" at 658c58 with 46f08c
INFO:__main__:Patching EXE import of XBE symbol "byte_2EF808" at 658c5c with 2ef808
INFO:__main__:Patching EXE import of XBE symbol "byte_325714" at 658c60 with 325714
INFO:__main__:Patching EXE import of XBE symbol "byte_457068" at 658c64 with 457068
INFO:__main__:Patching EXE import of XBE symbol "byte_457069" at 658c68 with 457069
INFO:__main__:Patching EXE import of XBE symbol "byte_46BA4C" at 658c6c with 46ba4c
INFO:__main__:Patching EXE import of XBE symbol "byte_46BB38" at 658c70 with 46bb38
INFO:__main__:Patching EXE import of XBE symbol "byte_46BBA0" at 658c74 with 46bba0
INFO:__main__:Patching EXE import of XBE symbol "byte_46DA28" at 658c78 with 46da28
INFO:__main__:Patching EXE import of XBE symbol "byte_46DA3B" at 658c7c with 46da3b
INFO:__main__:Patching EXE import of XBE symbol "byte_46DA3C" at 658c80 with 46da3c
INFO:__main__:Patching EXE import of XBE symbol "byte_46DA45" at 658c84 with 46da45
INFO:__main__:Patching EXE import of XBE symbol "byte_46DA46" at 658c88 with 46da46
INFO:__main__:Patching EXE import of XBE symbol "byte_46DA47" at 658c8c with 46da47
INFO:__main__:Patching EXE import of XBE symbol "byte_46DA50" at 658c90 with 46da50
INFO:__main__:Patching EXE import of XBE symbol "byte_46DB54" at 658c94 with 46db54
INFO:__main__:Patching EXE import of XBE symbol "byte_46DC55" at 658c98 with 46dc55
INFO:__main__:Patching EXE import of XBE symbol "cache_files_precache_map_begin" at 658c9c with 1bd910
INFO:__main__:Patching EXE import of XBE symbol "cache_files_precache_map_end" at 658ca0 with 1bda30
INFO:__main__:Patching EXE import of XBE symbol "cached_object_render_states" at 658ca4 with 50652c
INFO:__main__:Patching EXE import of XBE symbol "cheats_globals" at 658ca8 with 455a68
INFO:__main__:Patching EXE import of XBE symbol "cinematic_globals" at 658cac with 44df00
INFO:__main__:Patching EXE import of XBE symbol "compute_window_bounds" at 658cb0 with 100910
INFO:__main__:Patching EXE import of XBE symbol "console_dispose" at 658cb4 with ff9c0
INFO:__main__:Patching EXE import of XBE symbol "console_initialize" at 658cb8 with ff400
INFO:__main__:Patching EXE import of XBE symbol "console_initialize_for_new_map" at 658cbc with ff460
INFO:__main__:Patching EXE import of XBE symbol "console_startup" at 658cc0 with ff8a0
INFO:__main__:Patching EXE import of XBE symbol "console_update" at 658cc4 with ff9e0
INFO:__main__:Patching EXE import of XBE symbol "console_warning" at 658cc8 with ff550
INFO:__main__:Patching EXE import of XBE symbol "contrail_data" at 658ccc with 5aa8c0
INFO:__main__:Patching EXE import of XBE symbol "contrail_point_data" at 658cd0 with 5aa8bc
INFO:__main__:Patching EXE import of XBE symbol "core_name" at 658cd4 with 46dd55
INFO:__main__:Patching EXE import of XBE symbol "current_game_engine" at 658cd8 with 456b60
INFO:__main__:Patching EXE import of XBE symbol "d3d_find_flipcount" at 658cdc with 1cf880
INFO:__main__:Patching EXE import of XBE symbol "debug_game_save" at 658ce0 with 46e002
INFO:__main__:Patching EXE import of XBE symbol "debug_no_drawing" at 658ce4 with 46e001
INFO:__main__:Patching EXE import of XBE symbol "decal_counts_0" at 658ce8 with 453fd8
INFO:__main__:Patching EXE import of XBE symbol "decal_counts_1" at 658cec with 4547da
INFO:__main__:Patching EXE import of XBE symbol "decal_globals" at 658cf0 with 44dfd0
INFO:__main__:Patching EXE import of XBE symbol "display_error_damaged_media" at 658cf4 with e8d20
INFO:__main__:Patching EXE import of XBE symbol "display_error_when_main_menu_loaded" at 658cf8 with e44d0
INFO:__main__:Patching EXE import of XBE symbol "dispose_global_network_game_client" at 658cfc with 12a1e0
INFO:__main__:Patching EXE import of XBE symbol "dispose_global_network_game_server" at 658d00 with 12a2a0
INFO:__main__:Patching EXE import of XBE symbol "dword_46BC0C" at 658d04 with 46bc0c
INFO:__main__:Patching EXE import of XBE symbol "dword_46CC44" at 658d08 with 46cc44
INFO:__main__:Patching EXE import of XBE symbol "effect_data" at 658d0c with 5aa8b0
INFO:__main__:Patching EXE import of XBE symbol "effect_location_data" at 658d10 with 5aa8ac
INFO:__main__:Patching EXE import of XBE symbol "error_string_buffer" at 658d14 with 5ab100
INFO:__main__:Patching EXE import of XBE symbol "event_manager_globals" at 658d18 with 46bd40
INFO:__main__:Patching EXE import of XBE symbol "flip_count_ptr" at 658d1c with 46ddd8
INFO:__main__:Patching EXE import of XBE symbol "flt_46DA08" at 658d20 with 46da08
INFO:__main__:Patching EXE import of XBE symbol "game_allegiance_globals" at 658d24 with 4566f0
INFO:__main__:Patching EXE import of XBE symbol "game_engine_evaluate_game_complexity" at 658d28 with a8220
INFO:__main__:Patching EXE import of XBE symbol "game_engine_get_variant_by_name" at 658d2c with add50
INFO:__main__:Patching EXE import of XBE symbol "game_engine_initialize" at 658d30 with aba30
INFO:__main__:Patching EXE import of XBE symbol "game_engine_initialize_for_new_map" at 658d34 with ae760
INFO:__main__:Patching EXE import of XBE symbol "game_engine_player_added" at 658d38 with ae7e0
INFO:__main__:Patching EXE import of XBE symbol "game_engine_update" at 658d3c with af370
INFO:__main__:Patching EXE import of XBE symbol "game_engine_update_non_deterministic" at 658d40 with acdd0
INFO:__main__:Patching EXE import of XBE symbol "game_engine_variant_index" at 658d44 with 5aa730
INFO:__main__:Patching EXE import of XBE symbol "game_globals" at 658d48 with 4566ec
INFO:__main__:Patching EXE import of XBE symbol "game_reset_pending" at 658d4c with 46da24
INFO:__main__:Patching EXE import of XBE symbol "game_state_globals" at 658d50 with 4ea990
INFO:__main__:Patching EXE import of XBE symbol "game_state_load_core_pending" at 658d54 with 46da3e
INFO:__main__:Patching EXE import of XBE symbol "game_state_revert_pending" at 658d58 with 46da26
INFO:__main__:Patching EXE import of XBE symbol "game_state_save_core_pending" at 658d5c with 46da3d
INFO:__main__:Patching EXE import of XBE symbol "game_state_save_pending" at 658d60 with 46da2b
INFO:__main__:Patching EXE import of XBE symbol "game_time_globals" at 658d64 with 45708c
INFO:__main__:Patching EXE import of XBE symbol "game_variant_global" at 658d68 with 5aa820
INFO:__main__:Patching EXE import of XBE symbol "global_decal_data" at 658d6c with 5aa8b8
INFO:__main__:Patching EXE import of XBE symbol "global_difficulty_level" at 658d70 with 31fa90
INFO:__main__:Patching EXE import of XBE symbol "global_frustum" at 658d74 with 5065a4
INFO:__main__:Patching EXE import of XBE symbol "global_scenario_index" at 658d78 with 326a08
INFO:__main__:Patching EXE import of XBE symbol "global_screenshot_count" at 658d7c with 46e008
INFO:__main__:Patching EXE import of XBE symbol "global_structure_bsp" at 658d80 with 5064e0
INFO:__main__:Patching EXE import of XBE symbol "hs_runtime_initialize_for_new_map" at 658d84 with cdb30
INFO:__main__:Patching EXE import of XBE symbol "hud_globals" at 658d88 with 46bd0c
INFO:__main__:Patching EXE import of XBE symbol "input_frame_tick" at 658d8c with 46bb2d
INFO:__main__:Patching EXE import of XBE symbol "j__render_dispose_from_old_map" at 658d90 with 184ba0
INFO:__main__:Patching EXE import of XBE symbol "local_player_network_indices" at 658d94 with 46b668
INFO:__main__:Patching EXE import of XBE symbol "main_change_map_name" at 658d98 with 100c10
INFO:__main__:Patching EXE import of XBE symbol "main_change_map_name_pending" at 658d9c with 46da25
INFO:__main__:Patching EXE import of XBE symbol "main_frame_rate_debug" at 658da0 with 101130
INFO:__main__:Patching EXE import of XBE symbol "main_globals" at 658da4 with 46da42
INFO:__main__:Patching EXE import of XBE symbol "main_globals_movie" at 658da8 with 46da10
INFO:__main__:Patching EXE import of XBE symbol "main_load_last_solo_map" at 658dac with 101e00
INFO:__main__:Patching EXE import of XBE symbol "main_load_last_solo_map_pending" at 658db0 with 46da48
INFO:__main__:Patching EXE import of XBE symbol "main_load_ui_scenario" at 658db4 with 101f00
INFO:__main__:Patching EXE import of XBE symbol "main_menu_load_pending" at 658db8 with 46da43
INFO:__main__:Patching EXE import of XBE symbol "main_new_map" at 658dbc with 100b40
INFO:__main__:Patching EXE import of XBE symbol "main_rasterizer_throttle" at 658dc0 with 101970
INFO:__main__:Patching EXE import of XBE symbol "main_save_current_solo_map" at 658dc4 with 101d90
INFO:__main__:Patching EXE import of XBE symbol "main_save_map_private" at 658dc8 with 100eb0
INFO:__main__:Patching EXE import of XBE symbol "main_screen_shell_load" at 658dcc with e8700
INFO:__main__:Patching EXE import of XBE symbol "main_skip_private" at 658dd0 with 100de0
INFO:__main__:Patching EXE import of XBE symbol "main_skip_private_pending" at 658dd4 with 46da49
INFO:__main__:Patching EXE import of XBE symbol "main_update_time" at 658dd8 with 1013d0
INFO:__main__:Patching EXE import of XBE symbol "main_won_map_private" at 658ddc with 101040
INFO:__main__:Patching EXE import of XBE symbol "main_won_map_private_pending" at 658de0 with 46da3a
INFO:__main__:Patching EXE import of XBE symbol "map_name" at 658de4 with 46da55
INFO:__main__:Patching EXE import of XBE symbol "movie_frame_count" at 658de8 with 46da1c
INFO:__main__:Patching EXE import of XBE symbol "network_game_abort" at 658dec with 12a780
INFO:__main__:Patching EXE import of XBE symbol "network_game_client_end_frame" at 658df0 with 12a500
INFO:__main__:Patching EXE import of XBE symbol "network_game_client_start_frame" at 658df4 with 12a2d0
INFO:__main__:Patching EXE import of XBE symbol "network_game_server_start_frame" at 658df8 with 12a210
INFO:__main__:Patching EXE import of XBE symbol "object_get_and_verify_type" at 658dfc with 13d680
INFO:__main__:Patching EXE import of XBE symbol "objects_dispose" at 658e00 with 13fac0
INFO:__main__:Patching EXE import of XBE symbol "objects_dispose_from_old_map" at 658e04 with 13f9f0
INFO:__main__:Patching EXE import of XBE symbol "objects_initialize" at 658e08 with 13f810
INFO:__main__:Patching EXE import of XBE symbol "objects_initialize_for_new_map" at 658e0c with 13f950
INFO:__main__:Patching EXE import of XBE symbol "objects_place" at 658e10 with 13f060
INFO:__main__:Patching EXE import of XBE symbol "objects_update" at 658e14 with 145170
INFO:__main__:Patching EXE import of XBE symbol "off_2EF800" at 658e18 with 2ef800
INFO:__main__:Patching EXE import of XBE symbol "particle_data" at 658e1c with 5aa8a0
INFO:__main__:Patching EXE import of XBE symbol "particle_system_data" at 658e20 with 5aa8a4
INFO:__main__:Patching EXE import of XBE symbol "particle_system_header_data" at 658e24 with 5aa8a8
INFO:__main__:Patching EXE import of XBE symbol "physical_memory_map_globals" at 658e28 with 4e9254
INFO:__main__:Patching EXE import of XBE symbol "player_control_get_current_actions" at 658e2c with b9340
INFO:__main__:Patching EXE import of XBE symbol "player_control_globals" at 658e30 with 457090
INFO:__main__:Patching EXE import of XBE symbol "player_data" at 658e34 with 5aa6d4
INFO:__main__:Patching EXE import of XBE symbol "player_effect_globals" at 658e38 with 4557ec
INFO:__main__:Patching EXE import of XBE symbol "player_spawn" at 658e3c with bbcb0
INFO:__main__:Patching EXE import of XBE symbol "player_spawn_count" at 658e40 with 31fa94
INFO:__main__:Patching EXE import of XBE symbol "player_ui_globals" at 658e44 with 46bee0
INFO:__main__:Patching EXE import of XBE symbol "players_globals" at 658e48 with 5aa6cc
INFO:__main__:Patching EXE import of XBE symbol "players_update_pvs" at 658e4c with bac80
INFO:__main__:Patching EXE import of XBE symbol "predicted_resources_precache" at 658e50 with 1bde10
INFO:__main__:Patching EXE import of XBE symbol "pregame_render_info" at 658e54 with 46d930
INFO:__main__:Patching EXE import of XBE symbol "process_ui_widgets" at 658e58 with e9450
INFO:__main__:Patching EXE import of XBE symbol "profile_global_enable" at 658e5c with 449ef1
INFO:__main__:Patching EXE import of XBE symbol "progress_bar_begin" at 658e60 with e1c90
INFO:__main__:Patching EXE import of XBE symbol "progress_bar_display" at 658e64 with e3300
INFO:__main__:Patching EXE import of XBE symbol "progress_bar_dispose" at 658e68 with e1c80
INFO:__main__:Patching EXE import of XBE symbol "progress_bar_end" at 658e6c with e1cc0
INFO:__main__:Patching EXE import of XBE symbol "progress_bar_initialize" at 658e70 with e1c70
INFO:__main__:Patching EXE import of XBE symbol "qsort" at 658e74 with 1d9260
INFO:__main__:Patching EXE import of XBE symbol "qword_325678" at 658e78 with 325678
INFO:__main__:Patching EXE import of XBE symbol "rasterizer_decals_dispose" at 658e7c with 15b7e0
INFO:__main__:Patching EXE import of XBE symbol "rasterizer_decals_dispose_from_old_map" at 658e80 with 15b1a0
INFO:__main__:Patching EXE import of XBE symbol "rasterizer_decals_initialize" at 658e84 with 15b6d0
INFO:__main__:Patching EXE import of XBE symbol "rasterizer_decals_initialize_for_new_map" at 658e88 with 15b190
INFO:__main__:Patching EXE import of XBE symbol "rasterizer_preinitialize" at 658e8c with 1553f0
INFO:__main__:Patching EXE import of XBE symbol "render" at 658e90 with 506540
INFO:__main__:Patching EXE import of XBE symbol "render_camera_build_frustum" at 658e94 with 187250
INFO:__main__:Patching EXE import of XBE symbol "render_ui_widgets" at 658e98 with e78e0
INFO:__main__:Patching EXE import of XBE symbol "rumble_globals" at 658e9c with 46b664
INFO:__main__:Patching EXE import of XBE symbol "set_window_camera_values" at 658ea0 with 1021c0
INFO:__main__:Patching EXE import of XBE symbol "shell_application_is_paused" at 658ea4 with 191170
INFO:__main__:Patching EXE import of XBE symbol "shell_dispose" at 658ea8 with 191140
INFO:__main__:Patching EXE import of XBE symbol "shell_initialize" at 658eac with 1910f0
INFO:__main__:Patching EXE import of XBE symbol "should_skip_cinematic" at 658eb0 with 46da27
INFO:__main__:Patching EXE import of XBE symbol "snprintf" at 658eb4 with 1d9179
INFO:__main__:Patching EXE import of XBE symbol "sound_render" at 658eb8 with 1cf730
INFO:__main__:Patching EXE import of XBE symbol "strncpy" at 658ebc with 1da740
INFO:__main__:Patching EXE import of XBE symbol "tag_block_get_element" at 658ec0 with 19b210
INFO:__main__:Patching EXE import of XBE symbol "team_data" at 658ec4 with 5aa6d0
INFO:__main__:Patching EXE import of XBE symbol "telnet_console_dispose" at 658ec8 with 130a60
INFO:__main__:Patching EXE import of XBE symbol "telnet_console_initialize" at 658ecc with 130980
INFO:__main__:Patching EXE import of XBE symbol "telnet_console_process" at 658ed0 with 130d60
INFO:__main__:Patching EXE import of XBE symbol "tiff_export" at 658ed4 with 7f5e0
INFO:__main__:Patching EXE import of XBE symbol "transport_initialize" at 658ed8 with 82130
INFO:__main__:Patching EXE import of XBE symbol "ui_widget_game_data_build_version_wide_str" at 658edc with 46ce68
INFO:__main__:Patching EXE import of XBE symbol "ui_widget_game_data_function_table" at 658ee0 with 31e500
INFO:__main__:Patching EXE import of XBE symbol "ui_widget_load_progress_widget" at 658ee4 with e4470
INFO:__main__:Patching EXE import of XBE symbol "ui_widget_realloc" at 658ee8 with e3d20
INFO:__main__:Patching EXE import of XBE symbol "ui_widgets_close_all" at 658eec with e58c0
INFO:__main__:Patching EXE import of XBE symbol "ui_widgets_dispose" at 658ef0 with e6a60
INFO:__main__:Patching EXE import of XBE symbol "ui_widgets_initialize" at 658ef4 with e3be0
INFO:__main__:Patching EXE import of XBE symbol "unit_delete" at 658ef8 with 1a7fc0
INFO:__main__:Patching EXE import of XBE symbol "units_update" at 658efc with 1a7ff0
INFO:__main__:Patching EXE import of XBE symbol "unk_time_globals" at 658f00 with 46d9e0
INFO:__main__:Patching EXE import of XBE symbol "unknown_global_camera" at 658f04 with 506550
INFO:__main__:Patching EXE import of XBE symbol "update_client_apply_actions" at 658f08 with b9a70
INFO:__main__:Patching EXE import of XBE symbol "update_client_start" at 658f0c with b8e40
INFO:__main__:Patching EXE import of XBE symbol "update_get_maximum_actions" at 658f10 with b8f90
INFO:__main__:Patching EXE import of XBE symbol "update_server_delete" at 658f14 with b9150
INFO:__main__:Patching EXE import of XBE symbol "update_server_new" at 658f18 with b90d0
INFO:__main__:Patching EXE import of XBE symbol "update_server_start" at 658f1c with b91b0
INFO:__main__:Patching EXE import of XBE symbol "vehicle_moving_near_any_player" at 658f20 with 1b7ee0
INFO:__main__:Patching EXE import of XBE symbol "vsprintf" at 658f24 with 1da209
INFO:__main__:Patching EXE import of XBE symbol "weather_particle_system_data" at 658f28 with 5aa89c
INFO:__main__:Patching EXE import of XBE symbol "window" at 658f2c with 46e010
INFO:__main__:Patching EXE import of XBE symbol "word_46BC08" at 658f30 with 46bc08
INFO:__main__:Patching EXE import of XBE symbol "word_46BC0A" at 658f34 with 46bc0a
INFO:__main__:Patching EXE import of XBE symbol "word_46BFC4" at 658f38 with 46bfc4
INFO:__main__:Patching EXE import of XBE symbol "word_46DA0C" at 658f3c with 46da0c
INFO:__main__:Patching EXE import of XBE symbol "word_46DA40" at 658f40 with 46da40
INFO:__main__:Patching EXE import of XBE symbol "word_46DA4C" at 658f44 with 46da4c
INFO:__main__:Patching EXE import of XBE symbol "word_46DA4E" at 658f48 with 46da4e
INFO:__main__:Patching EXE import of XBE symbol "word_46DDDC" at 658f4c with 46dddc
INFO:__main__:Patching EXE import of XBE symbol "word_46DDDE" at 658f50 with 46ddde
INFO:__main__:Patching EXE import of XBE symbol "xbox_demos_launch_pending" at 658f54 with 46da44
INFO:__main__:Processing imports from image "xboxkrnl.exe"
INFO:__main__:EXE imports ordinal 171 (MmFreeContiguousMemory) at 658f5c
INFO:__main__:Patching EXE exported data "exe_base" at 65b044 with 642000
INFO:__main__:Patching EXE exported data "exe_import_table" at 65b048 with 658f5c
INFO:__main__:Patching EXE exported data "original_xbe_entry" at 65b040 with 1d43b4
INFO:__main__:Patching XBE with EXE entry point of 643000
INFO:__main__:Reverse thunk for "director_apply_replay_mode_for_player": impl 643530, rvthunk 65d000
INFO:__main__:Reverse thunk for "director_compute_camera_input": impl 6435c0, rvthunk 65d013
INFO:__main__:Reverse thunk for "director_init_player_cameras": impl 6431d0, rvthunk 65d01f
INFO:__main__:Reverse thunk for "director_set_player_camera_normal": impl 643310, rvthunk 65d02e
INFO:__main__:Reverse thunk for "director_set_player_camera_scripted": impl 6434b0, rvthunk 65d03d
INFO:__main__:Reverse thunk for "player_control_get_facing": impl 6491c0, rvthunk 65d04c
INFO:__main__:Reverse thunk for "player_register_machine": impl 64a230, rvthunk 65d05a
INFO:__main__:Reverse thunk for "render_window": impl 6508d0, rvthunk 65d066
INFO:__main__:Reverse thunk for "render_window_pregame": impl 64fe50, rvthunk 65d074
INFO:__main__:Reverse thunk for "rumble_calculate": impl 649990, rvthunk 65d082
INFO:__main__:Adding .rvthunks section at 65d000, length 8e
INFO:__main__:Patching "any_player_is_dead" at ba800 in XBE with redirect to 64a5e0
INFO:__main__:Patching "ascii_to_wide" at 19f450 in XBE with redirect to 6525b0
INFO:__main__:Patching "bink_playback_dispose" at 1c6310 in XBE with redirect to 6430f0
INFO:__main__:Patching "bink_playback_initialize" at 1c61a0 in XBE with redirect to 6430c0
INFO:__main__:Patching "bink_playback_render" at 1c63e0 in XBE with redirect to 643120
INFO:__main__:Patching "bink_playback_update" at 1c6870 in XBE with redirect to 643180
INFO:__main__:Patching "bitmap_delete" at 7c8f0 in XBE with redirect to 643050
INFO:__main__:Patching "breakable_surfaces_dispose" at 1458e0 in XBE with redirect to 64f690
INFO:__main__:Patching "breakable_surfaces_dispose_from_old_map" at 145980 in XBE with redirect to 64f9d0
INFO:__main__:Patching "breakable_surfaces_initialize" at 1458a0 in XBE with redirect to 64f640
INFO:__main__:Patching "breakable_surfaces_initialize_for_new_map" at 1458f0 in XBE with redirect to 64f6a0
INFO:__main__:Patching "cache_files_precache_in_progress" at 1bc6b0 in XBE with redirect to 6447b0
INFO:__main__:Patching "cache_files_precache_is_copying_map" at 1bc6c0 in XBE with redirect to 6447c0
INFO:__main__:Patching "cache_files_precache_map_loaded" at 1bd8e0 in XBE with redirect to 6448c0
INFO:__main__:Patching "cache_files_precache_map_queue_end" at 1bc6f0 in XBE with redirect to 644800
INFO:__main__:Patching "cache_files_precache_map_status" at 1bcf00 in XBE with redirect to 644830
INFO:__main__:Patching "cache_files_precache_set_priority" at 1bc6a0 in XBE with redirect to 6447a0
INFO:__main__:Patching "cheats_dispose" at a6600 in XBE with redirect to 647200
INFO:__main__:Patching "cheats_dispose_from_old_map" at a6610 in XBE with redirect to 647210
INFO:__main__:Patching "cheats_initialize" at a65e0 in XBE with redirect to 6471e0
INFO:__main__:Patching "cheats_initialize_for_new_map" at a6820 in XBE with redirect to 6472d0
INFO:__main__:Patching "cheats_update" at a6620 in XBE with redirect to 647220
INFO:__main__:Patching "cinematic_can_be_skipped" at 92e60 in XBE with redirect to 6455d0
INFO:__main__:Patching "cinematic_dispose" at 92dc0 in XBE with redirect to 645580
INFO:__main__:Patching "cinematic_dispose_from_old_map" at 92e00 in XBE with redirect to 6455c0
INFO:__main__:Patching "cinematic_in_progress" at 930a0 in XBE with redirect to 6455e0
INFO:__main__:Patching "cinematic_initialize" at 92d80 in XBE with redirect to 645540
INFO:__main__:Patching "cinematic_initialize_for_new_map" at 92dd0 in XBE with redirect to 645590
INFO:__main__:Patching "collision_log_begin_period" at 14d100 in XBE with redirect to 64fa30
INFO:__main__:Patching "collision_log_continue_period" at 14d120 in XBE with redirect to 64fa50
INFO:__main__:Patching "collision_log_end_period" at 14d140 in XBE with redirect to 64fa70
INFO:__main__:Patching "collision_log_initialize" at 14d010 in XBE with redirect to 64f9e0
INFO:__main__:Patching "contrails_dispose" at 978d0 in XBE with redirect to 6459a0
INFO:__main__:Patching "contrails_dispose_from_old_map" at 978b0 in XBE with redirect to 645980
INFO:__main__:Patching "contrails_initialize" at 97d40 in XBE with redirect to 6459d0
INFO:__main__:Patching "contrails_initialize_for_new_map" at 97890 in XBE with redirect to 645960
INFO:__main__:Patching "contrails_update" at 98750 in XBE with redirect to 645a40
INFO:__main__:Patching "crc_checksum_buffer" at 119100 in XBE with redirect to 6454b0
INFO:__main__:Patching "create_local_players" at 1000d0 in XBE with redirect to 64dce0
INFO:__main__:Patching "csmemcpy" at 8e0b0 in XBE with redirect to 6446d0
INFO:__main__:Patching "csmemset" at 8db80 in XBE with redirect to 644560
INFO:__main__:Patching "csprintf" at 8d9d0 in XBE with redirect to 6444e0
INFO:__main__:Patching "csstrlen" at 8df60 in XBE with redirect to 644670
INFO:__main__:Patching "csstrncpy" at 8de70 in XBE with redirect to 644600
INFO:__main__:Patching "dangerous_effects_near_player" at 9d000 in XBE with redirect to 645ff0
INFO:__main__:Patching "dangerous_items_near_player" at f6970 in XBE with redirect to 64d9e0
INFO:__main__:Patching "dangerous_projectiles_near_player" at f7dd0 in XBE with redirect to 64da30
INFO:__main__:Patching "data_allocation_size" at 119180 in XBE with redirect to 64ecf0
INFO:__main__:Patching "data_delete_all" at 119b20 in XBE with redirect to 64f5b0
INFO:__main__:Patching "data_dispose" at 119520 in XBE with redirect to 64f150
INFO:__main__:Patching "data_initialize" at 1191a0 in XBE with redirect to 64ed10
INFO:__main__:Patching "data_iterator_new" at 1197b0 in XBE with redirect to 64f410
INFO:__main__:Patching "data_iterator_next" at 119810 in XBE with redirect to 64f470
INFO:__main__:Patching "data_make_invalid" at 119550 in XBE with redirect to 64f180
INFO:__main__:Patching "data_make_valid" at 119720 in XBE with redirect to 64f390
INFO:__main__:Patching "data_new" at 1194d0 in XBE with redirect to 64f100
INFO:__main__:Patching "data_new_at_index" at 119610 in XBE with redirect to 64f270
INFO:__main__:Patching "data_new_datum" at 119570 in XBE with redirect to 64f1a0
INFO:__main__:Patching "data_next_index" at 1198f0 in XBE with redirect to 64f530
INFO:__main__:Patching "data_verify" at 1193f0 in XBE with redirect to 64ef70
INFO:__main__:Patching "datum_absolute_index_to_index" at 119270 in XBE with redirect to 64edf0
INFO:__main__:Patching "datum_delete" at 1196d0 in XBE with redirect to 64f330
INFO:__main__:Patching "datum_get" at 119320 in XBE with redirect to 64ee90
INFO:__main__:Patching "debug_free" at 8ef70 in XBE with redirect to 645390
INFO:__main__:Patching "debug_keys_dispose" at ffc80 in XBE with redirect to 64db20
INFO:__main__:Patching "debug_keys_initialize" at ffc00 in XBE with redirect to 64da90
INFO:__main__:Patching "debug_keys_update" at ffcb0 in XBE with redirect to 64db50
INFO:__main__:Patching "debug_malloc" at 8ee60 in XBE with redirect to 645270
INFO:__main__:Patching "decals_dispose" at 98e60 in XBE with redirect to 645f10
INFO:__main__:Patching "decals_dispose_from_old_map" at 98df0 in XBE with redirect to 645ea0
INFO:__main__:Patching "decals_initialize" at 98ca0 in XBE with redirect to 645d50
INFO:__main__:Patching "decals_initialize_for_new_map" at 98d40 in XBE with redirect to 645df0
INFO:__main__:Patching "director_apply_replay_mode_for_player" at 87050 in XBE with redirect to 65d000 (via rvthunk)
INFO:__main__:Patching "director_compute_camera_input" at 87110 in XBE with redirect to 65d013 (via rvthunk)
INFO:__main__:Patching "director_dispose" at 861c0 in XBE with redirect to 6431c0
INFO:__main__:Patching "director_dispose_from_old_map" at 86890 in XBE with redirect to 643290
INFO:__main__:Patching "director_init_player_cameras" at 86600 in XBE with redirect to 65d01f (via rvthunk)
INFO:__main__:Patching "director_initialize" at 861a0 in XBE with redirect to 6431a0
INFO:__main__:Patching "director_initialize_for_new_map" at 87520 in XBE with redirect to 643a30
INFO:__main__:Patching "director_set_player_camera_normal" at 86de0 in XBE with redirect to 65d02e (via rvthunk)
INFO:__main__:Patching "director_set_player_camera_scripted" at 86fa0 in XBE with redirect to 65d03d (via rvthunk)
INFO:__main__:Patching "director_update" at 875f0 in XBE with redirect to 643ec0
INFO:__main__:Patching "display_assert" at 8d9f0 in XBE with redirect to 644510
INFO:__main__:Patching "editor_dispose" at 97830 in XBE with redirect to 647310
INFO:__main__:Patching "editor_dispose_from_old_map" at 97860 in XBE with redirect to 647340
INFO:__main__:Patching "editor_initialize" at 97820 in XBE with redirect to 647300
INFO:__main__:Patching "editor_initialize_for_new_map" at 97850 in XBE with redirect to 647330
INFO:__main__:Patching "editor_should_exit" at 97810 in XBE with redirect to 6472f0
INFO:__main__:Patching "editor_update" at 97840 in XBE with redirect to 647320
INFO:__main__:Patching "effect_update" at 9e610 in XBE with redirect to 646200
INFO:__main__:Patching "effects_dispose" at 9c6e0 in XBE with redirect to 645fc0
INFO:__main__:Patching "effects_dispose_from_old_map" at 9c6c0 in XBE with redirect to 645fa0
INFO:__main__:Patching "effects_initialize" at 9c650 in XBE with redirect to 645f20
INFO:__main__:Patching "effects_initialize_for_new_map" at 9c6a0 in XBE with redirect to 645f80
INFO:__main__:Patching "effects_update" at 9f320 in XBE with redirect to 646880
INFO:__main__:Patching "error" at 8f390 in XBE with redirect to 6448f0
INFO:__main__:Patching "event_manager_dispatch" at dc320 in XBE with redirect to 64ca20
INFO:__main__:Patching "event_manager_dispose" at dc200 in XBE with redirect to 64ca00
INFO:__main__:Patching "event_manager_initialize" at dc1d0 in XBE with redirect to 64c9d0
INFO:__main__:Patching "event_manager_update" at dc620 in XBE with redirect to 64cce0
INFO:__main__:Patching "file_reference_create_from_path" at 1999f0 in XBE with redirect to 652650
INFO:__main__:Patching "first_person_weapons_update" at deb60 in XBE with redirect to 64d060
INFO:__main__:Patching "game_all_quiet" at a74f0 in XBE with redirect to 647ce0
INFO:__main__:Patching "game_allegiance_dispose" at a7970 in XBE with redirect to 6480e0
INFO:__main__:Patching "game_allegiance_dispose_from_old_map" at a7a20 in XBE with redirect to 648170
INFO:__main__:Patching "game_allegiance_initialize" at a7940 in XBE with redirect to 6480b0
INFO:__main__:Patching "game_allegiance_initialize_for_new_map" at a7980 in XBE with redirect to 6480f0
INFO:__main__:Patching "game_allegiance_update" at a7e30 in XBE with redirect to 648180
INFO:__main__:Patching "game_connection" at fff80 in XBE with redirect to 64dc80
INFO:__main__:Patching "game_difficulty_level_get" at a7460 in XBE with redirect to 647c40
INFO:__main__:Patching "game_difficulty_level_get_ignore_easy" at a7460 in XBE with redirect to 647c50
INFO:__main__:Patching "game_difficulty_level_set" at a7440 in XBE with redirect to 647c20
INFO:__main__:Patching "game_dispose" at a6d00 in XBE with redirect to 647460
INFO:__main__:Patching "game_dispose_from_old_map" at a7050 in XBE with redirect to 647800
INFO:__main__:Patching "game_engine_dispose" at a81c0 in XBE with redirect to 648220
INFO:__main__:Patching "game_engine_dispose_from_old_map" at a8340 in XBE with redirect to 648240
INFO:__main__:Patching "game_engine_force_single_screen" at a8e60 in XBE with redirect to 648290
INFO:__main__:Patching "game_engine_game_starting" at a8380 in XBE with redirect to 648260
INFO:__main__:Patching "game_engine_running" at a8e30 in XBE with redirect to 648280
INFO:__main__:Patching "game_frame" at a7110 in XBE with redirect to 6478c0
INFO:__main__:Patching "game_globals_get" at 18e450 in XBE with redirect to 651be0
INFO:__main__:Patching "game_in_editor" at 977f0 in XBE with redirect to 6472e0
INFO:__main__:Patching "game_in_progress" at b5be0 in XBE with redirect to 648500
INFO:__main__:Patching "game_initial_pulse" at a73c0 in XBE with redirect to 647ba0
INFO:__main__:Patching "game_initialize" at a6bf0 in XBE with redirect to 647350
INFO:__main__:Patching "game_initialize_for_new_map" at a7780 in XBE with redirect to 647ef0
INFO:__main__:Patching "game_is_cooperative" at a7690 in XBE with redirect to 647e10
INFO:__main__:Patching "game_load" at a76b0 in XBE with redirect to 647e30
INFO:__main__:Patching "game_map_loading_in_progress" at a6fb0 in XBE with redirect to 647760
INFO:__main__:Patching "game_options_new" at a7370 in XBE with redirect to 647b60
INFO:__main__:Patching "game_options_verify" at a73a0 in XBE with redirect to 647b90
INFO:__main__:Patching "game_players_are_double_speed" at a7430 in XBE with redirect to 647c10
INFO:__main__:Patching "game_precache_new_map" at a6dc0 in XBE with redirect to 647520
INFO:__main__:Patching "game_predicting" at b5ba0 in XBE with redirect to 6484d0
INFO:__main__:Patching "game_safe_to_save" at a7530 in XBE with redirect to 647d20
INFO:__main__:Patching "game_safe_to_speak" at a7670 in XBE with redirect to 647df0
INFO:__main__:Patching "game_set_game_engine_index" at a74c0 in XBE with redirect to 647cc0
INFO:__main__:Patching "game_set_game_variant" at a7490 in XBE with redirect to 647c70
INFO:__main__:Patching "game_set_game_variant_from_name" at a78e0 in XBE with redirect to 648050
INFO:__main__:Patching "game_set_players_are_double_speed" at a7410 in XBE with redirect to 647bf0
INFO:__main__:Patching "game_sound_dispose" at 1c7060 in XBE with redirect to 652090
INFO:__main__:Patching "game_sound_dispose_from_old_map" at 1c7e40 in XBE with redirect to 6520e0
INFO:__main__:Patching "game_sound_initialize" at 1c7030 in XBE with redirect to 652060
INFO:__main__:Patching "game_sound_initialize_for_new_map" at 1c7080 in XBE with redirect to 6520b0
INFO:__main__:Patching "game_sound_update" at 1c8140 in XBE with redirect to 652110
INFO:__main__:Patching "game_state_data_new" at 1bfe10 in XBE with redirect to 6515c0
INFO:__main__:Patching "game_state_dispose" at 1bf7b0 in XBE with redirect to 651270
INFO:__main__:Patching "game_state_dispose_from_old_map" at 1bf870 in XBE with redirect to 651420
INFO:__main__:Patching "game_state_initialize_for_new_map" at 1bf7c0 in XBE with redirect to 651380
INFO:__main__:Patching "game_state_load_core" at 1bffd0 in XBE with redirect to 651600
INFO:__main__:Patching "game_state_malloc" at 1bfbf0 in XBE with redirect to 651520
INFO:__main__:Patching "game_state_revert" at 1bf8a0 in XBE with redirect to 651460
INFO:__main__:Patching "game_state_save" at 1bf880 in XBE with redirect to 651430
INFO:__main__:Patching "game_state_save_core" at 1bf990 in XBE with redirect to 6514e0
INFO:__main__:Patching "game_statistics_start" at b5640 in XBE with redirect to 6482c0
INFO:__main__:Patching "game_tick" at a7260 in XBE with redirect to 647a50
INFO:__main__:Patching "game_time_dispose" at b5a50 in XBE with redirect to 648390
INFO:__main__:Patching "game_time_dispose_from_old_map" at b5a30 in XBE with redirect to 648370
INFO:__main__:Patching "game_time_end" at b5a60 in XBE with redirect to 6483a0
INFO:__main__:Patching "game_time_get" at b5aa0 in XBE with redirect to 6483d0
INFO:__main__:Patching "game_time_get_elapsed" at b5ae0 in XBE with redirect to 648410
INFO:__main__:Patching "game_time_get_paused" at b5c30 in XBE with redirect to 648550
INFO:__main__:Patching "game_time_get_speed" at b5cc0 in XBE with redirect to 6485c0
INFO:__main__:Patching "game_time_initialize" at b59b0 in XBE with redirect to 6482f0
INFO:__main__:Patching "game_time_initialize_for_new_map" at b59e0 in XBE with redirect to 648320
INFO:__main__:Patching "game_time_initialized" at b5990 in XBE with redirect to 6482d0
INFO:__main__:Patching "game_time_set_paused" at b5c70 in XBE with redirect to 648580
INFO:__main__:Patching "game_time_set_speed" at b5d00 in XBE with redirect to 6485f0
INFO:__main__:Patching "game_time_start" at b5f40 in XBE with redirect to 648930
INFO:__main__:Patching "game_time_statistics_frame" at b5d60 in XBE with redirect to 648650
INFO:__main__:Patching "game_time_statistics_new" at b5d50 in XBE with redirect to 648630
INFO:__main__:Patching "game_time_update" at b6020 in XBE with redirect to 6489d0
INFO:__main__:Patching "game_unload" at a6fd0 in XBE with redirect to 647780
INFO:__main__:Patching "get_global_random_seed_address" at 10b0d0 in XBE with redirect to 64fb60
INFO:__main__:Patching "global_scenario_get" at 18e380 in XBE with redirect to 651b80
INFO:__main__:Patching "hs_dispose" at c3c30 in XBE with redirect to 646fd0
INFO:__main__:Patching "hs_dispose_from_old_map" at c4dd0 in XBE with redirect to 647080
INFO:__main__:Patching "hs_initialize" at c5050 in XBE with redirect to 6470e0
INFO:__main__:Patching "hs_initialize_for_new_map" at c4d90 in XBE with redirect to 647030
INFO:__main__:Patching "hs_runtime_dispose_from_old_map" at ca800 in XBE with redirect to 647170
INFO:__main__:Patching "hs_update" at c3c50 in XBE with redirect to 646fe0
INFO:__main__:Patching "hud_autosave" at d0db0 in XBE with redirect to 64d3c0
INFO:__main__:Patching "hud_get_item_string" at d0ba0 in XBE with redirect to 64d2f0
INFO:__main__:Patching "hud_load" at d0d50 in XBE with redirect to 64d340
INFO:__main__:Patching "hud_print_message" at d51c0 in XBE with redirect to 6511e0
INFO:__main__:Patching "hud_update" at d0440 in XBE with redirect to 64d210
INFO:__main__:Patching "initialize_network_game_packets" at 12b640 in XBE with redirect to 64da80
INFO:__main__:Patching "input_abstraction_dispose" at ce690 in XBE with redirect to 64adc0
INFO:__main__:Patching "input_abstraction_initialize" at ce9f0 in XBE with redirect to 64ade0
INFO:__main__:Patching "input_abstraction_update" at cea90 in XBE with redirect to 64b040
INFO:__main__:Patching "input_flush" at cf500 in XBE with redirect to 64bde0
INFO:__main__:Patching "input_frame_begin" at d0180 in XBE with redirect to 64c9b0
INFO:__main__:Patching "input_frame_end" at d0190 in XBE with redirect to 64c9c0
INFO:__main__:Patching "input_get_device_states" at cf830 in XBE with redirect to 64bfe0
INFO:__main__:Patching "input_get_gamepad_state" at cf710 in XBE with redirect to 64bf30
INFO:__main__:Patching "input_has_gamepad" at cf6c0 in XBE with redirect to 64bef0
INFO:__main__:Patching "input_key_is_down" at cf560 in XBE with redirect to 64be50
INFO:__main__:Patching "input_set_rumble" at cf780 in XBE with redirect to 64bf80
INFO:__main__:Patching "input_update" at d0120 in XBE with redirect to 64c950
INFO:__main__:Patching "interface_dispose" at dec80 in XBE with redirect to 651f90
INFO:__main__:Patching "interface_dispose_from_old_map" at dec70 in XBE with redirect to 651f80
INFO:__main__:Patching "interface_initialize" at dec50 in XBE with redirect to 651f60
INFO:__main__:Patching "interface_initialize_for_new_map" at dfea0 in XBE with redirect to 651fb0
INFO:__main__:Patching "local_player_count" at ba4b0 in XBE with redirect to 64a410
INFO:__main__:Patching "local_player_exists" at ba2e0 in XBE with redirect to 64a2b0
INFO:__main__:Patching "local_player_get_next" at ba4c0 in XBE with redirect to 64a420
INFO:__main__:Patching "local_player_get_player_index" at ba3c0 in XBE with redirect to 64a330
INFO:__main__:Patching "local_player_set_player_index" at ba410 in XBE with redirect to 64a380
INFO:__main__:Patching "local_time_get" at b5b20 in XBE with redirect to 648450
INFO:__main__:Patching "local_time_get_elapsed" at b5b60 in XBE with redirect to 648490
INFO:__main__:Patching "lock_global_random_seed" at 10b090 in XBE with redirect to 64fb20
INFO:__main__:Patching "machine_get_player_list" at ba270 in XBE with redirect to 64a220
INFO:__main__:Patching "main" at 191330 in XBE with redirect to 652790
INFO:__main__:Patching "main_game_render" at 102c80 in XBE with redirect to 64e350
INFO:__main__:Patching "main_initialize_time" at 1024c0 in XBE with redirect to 64e2f0
INFO:__main__:Patching "main_loop" at 102e40 in XBE with redirect to 64e530
INFO:__main__:Patching "main_menu_load" at 101fe0 in XBE with redirect to 64df60
INFO:__main__:Patching "main_menu_precache_resources" at 100640 in XBE with redirect to 64df20
INFO:__main__:Patching "main_pregame_render" at 102090 in XBE with redirect to 64e000
INFO:__main__:Patching "main_present_frame" at 102370 in XBE with redirect to 64e1a0
INFO:__main__:Patching "main_queue_map_name" at 100590 in XBE with redirect to 64dee0
INFO:__main__:Patching "main_setup_connection" at 102400 in XBE with redirect to 64e230
INFO:__main__:Patching "numeric_countdown_timer_update" at 190db0 in XBE with redirect to 652000
INFO:__main__:Patching "observer_dispose_from_old_map" at 8a4d0 in XBE with redirect to 644180
INFO:__main__:Patching "observer_get_camera" at 8a4e0 in XBE with redirect to 644190
INFO:__main__:Patching "observer_initialize" at 8a340 in XBE with redirect to 644130
INFO:__main__:Patching "observer_initialize_for_new_map" at 8a480 in XBE with redirect to 644140
INFO:__main__:Patching "observer_update" at 8cde0 in XBE with redirect to 644220
INFO:__main__:Patching "particle_system_delete" at 9f710 in XBE with redirect to 646970
INFO:__main__:Patching "particle_systems_dispose" at 9f7c0 in XBE with redirect to 646a20
INFO:__main__:Patching "particle_systems_dispose_from_old_map" at 9fcd0 in XBE with redirect to 646a30
INFO:__main__:Patching "particle_systems_initialize" at 9f680 in XBE with redirect to 646910
INFO:__main__:Patching "particle_systems_initialize_for_new_map" at 9f6c0 in XBE with redirect to 646950
INFO:__main__:Patching "particle_systems_update" at a10f0 in XBE with redirect to 646aa0
INFO:__main__:Patching "particles_dispose" at a14d0 in XBE with redirect to 646b80
INFO:__main__:Patching "particles_dispose_from_old_map" at a14c0 in XBE with redirect to 646b70
INFO:__main__:Patching "particles_initialize" at a1480 in XBE with redirect to 646b20
INFO:__main__:Patching "particles_initialize_for_new_map" at a14b0 in XBE with redirect to 646b60
INFO:__main__:Patching "particles_update" at a2570 in XBE with redirect to 646ba0
INFO:__main__:Patching "physical_memory_allocate" at 1bdb70 in XBE with redirect to 652870
INFO:__main__:Patching "player_control_dispose" at b63f0 in XBE with redirect to 648de0
INFO:__main__:Patching "player_control_get_facing" at b8650 in XBE with redirect to 65d04c (via rvthunk)
INFO:__main__:Patching "player_control_initialize_for_new_map" at b85c0 in XBE with redirect to 648ef0
INFO:__main__:Patching "player_control_new_unit" at b6fc0 in XBE with redirect to 648df0
INFO:__main__:Patching "player_control_update" at b8c70 in XBE with redirect to 649790
INFO:__main__:Patching "player_delete" at ba390 in XBE with redirect to 64a300
INFO:__main__:Patching "player_died" at ba550 in XBE with redirect to 64a4f0
INFO:__main__:Patching "player_effect_dispose" at a2740 in XBE with redirect to 646da0
INFO:__main__:Patching "player_effect_dispose_from_old_map" at a2790 in XBE with redirect to 646df0
INFO:__main__:Patching "player_effect_get" at a2690 in XBE with redirect to 646d00
INFO:__main__:Patching "player_effect_initialize" at a2700 in XBE with redirect to 646d60
INFO:__main__:Patching "player_effect_initialize_for_new_map" at a2750 in XBE with redirect to 646db0
INFO:__main__:Patching "player_effect_update" at a2ca0 in XBE with redirect to 646e00
INFO:__main__:Patching "player_index_from_unit_index" at ba500 in XBE with redirect to 64a490
INFO:__main__:Patching "player_input_enable" at ba6d0 in XBE with redirect to 64a5b0
INFO:__main__:Patching "player_input_enabled" at ba6f0 in XBE with redirect to 64a5d0
INFO:__main__:Patching "player_new" at bb2f0 in XBE with redirect to 64a630
INFO:__main__:Patching "player_register_machine" at ba290 in XBE with redirect to 65d05a (via rvthunk)
INFO:__main__:Skipping thunk "player_reset_action_result" export
INFO:__main__:Patching "player_ui_dispose" at e0700 in XBE with redirect to 64d6d0
INFO:__main__:Patching "player_ui_get_single_player_local_player_controller" at e07c0 in XBE with redirect to 64d6f0
INFO:__main__:Patching "player_ui_initialize" at e1350 in XBE with redirect to 64d7a0
INFO:__main__:Patching "player_ui_remember_player1_profile" at e0c30 in XBE with redirect to 64d730
INFO:__main__:Patching "players_are_all_dead" at ba5e0 in XBE with redirect to 64a580
INFO:__main__:Patching "players_dispose" at ba240 in XBE with redirect to 64a1e0
INFO:__main__:Patching "players_dispose_from_old_map" at ba220 in XBE with redirect to 64a1c0
INFO:__main__:Patching "players_get_combined_pvs" at ba6c0 in XBE with redirect to 64a5a0
INFO:__main__:Patching "players_get_combined_pvs_local" at ba6b0 in XBE with redirect to 64a590
INFO:__main__:Patching "players_get_respawn_failure" at ba3b0 in XBE with redirect to 64a320
INFO:__main__:Patching "players_initialize" at ba100 in XBE with redirect to 64a090
INFO:__main__:Patching "players_initialize_for_new_map" at ba170 in XBE with redirect to 64a120
INFO:__main__:Patching "players_respawn_coop" at bc750 in XBE with redirect to 64a7c0
INFO:__main__:Patching "players_update_after_game" at bdbf0 in XBE with redirect to 64aab0
INFO:__main__:Patching "players_update_before_game" at bd100 in XBE with redirect to 64a990
INFO:__main__:Patching "point_physics_dispose_from_old_map" at 154890 in XBE with redirect to 64fb10
INFO:__main__:Patching "point_physics_initialize_for_new_map" at 154860 in XBE with redirect to 64fad0
INFO:__main__:Patching "profile_enter_private" at 8fa40 in XBE with redirect to 644b60
INFO:__main__:Patching "profile_exit_private" at 8fac0 in XBE with redirect to 644bc0
INFO:__main__:Patching "profile_frame_end" at 91800 in XBE with redirect to 644fa0
INFO:__main__:Patching "profile_frame_start" at 91780 in XBE with redirect to 644f40
INFO:__main__:Patching "profile_render_end" at 91540 in XBE with redirect to 644d90
INFO:__main__:Patching "profile_render_start" at 91510 in XBE with redirect to 644d70
INFO:__main__:Patching "profile_render_window_end" at 91640 in XBE with redirect to 644e80
INFO:__main__:Patching "profile_render_window_start" at 915b0 in XBE with redirect to 644e10
INFO:__main__:Patching "profile_tick_end" at 91470 in XBE with redirect to 644cb0
INFO:__main__:Patching "profile_tick_start" at 913e0 in XBE with redirect to 644c40
INFO:__main__:Patching "random_seed_debug_log" at 10b130 in XBE with redirect to 64fba0
INFO:__main__:Patching "rasterizer_dispose_from_old_map" at 155070 in XBE with redirect to 64fdb0
INFO:__main__:Patching "rasterizer_frame_begin" at 17c7e0 in XBE with redirect to 64fbd0
INFO:__main__:Patching "rasterizer_frame_end" at 17c920 in XBE with redirect to 64fce0
INFO:__main__:Patching "rasterizer_frame_update" at 155090 in XBE with redirect to 64fdd0
INFO:__main__:Patching "rasterizer_initialize_for_new_map" at 154fc0 in XBE with redirect to 64fd00
INFO:__main__:Patching "rasterizer_set_vblank_callback" at 17c950 in XBE with redirect to 64fcf0
INFO:__main__:Patching "rasterizer_window_begin" at 17c8d0 in XBE with redirect to 64fcb0
INFO:__main__:Patching "rasterizer_window_end" at 17c900 in XBE with redirect to 64fcc0
INFO:__main__:Patching "rasterizer_windows_begin" at 17c8c0 in XBE with redirect to 64fca0
INFO:__main__:Patching "rasterizer_windows_end" at 17c910 in XBE with redirect to 64fcd0
INFO:__main__:Patching "real_math_reset_precision" at 10b5e0 in XBE with redirect to 64fbb0
INFO:__main__:Patching "recorded_animations_dispose" at 94c30 in XBE with redirect to 645670
INFO:__main__:Patching "recorded_animations_dispose_from_old_map" at 94c60 in XBE with redirect to 6456a0
INFO:__main__:Patching "recorded_animations_initialize" at 94bb0 in XBE with redirect to 6455f0
INFO:__main__:Patching "recorded_animations_initialize_for_new_map" at 95280 in XBE with redirect to 645910
INFO:__main__:Patching "recorded_animations_update" at 94cb0 in XBE with redirect to 6456c0
INFO:__main__:Patching "remove_quitting_players_from_game" at a71b0 in XBE with redirect to 6479b0
INFO:__main__:Patching "render_camera_get_adjusted_field_of_view_tangent" at 186460 in XBE with redirect to 650eb0
INFO:__main__:Patching "render_dispose" at 184bb0 in XBE with redirect to 64fe40
INFO:__main__:Patching "render_frame" at 185680 in XBE with redirect to 650d50
INFO:__main__:Patching "render_frame_pregame" at 184cd0 in XBE with redirect to 6504a0
INFO:__main__:Patching "render_frame_present" at 184dc0 in XBE with redirect to 6508b0
INFO:__main__:Patching "render_initialize" at 184b80 in XBE with redirect to 64fde0
INFO:__main__:Patching "render_initialize_for_new_map" at 184b90 in XBE with redirect to 64fe30
INFO:__main__:Patching "render_window" at 185290 in XBE with redirect to 65d066 (via rvthunk)
INFO:__main__:Patching "render_window_pregame" at 184bc0 in XBE with redirect to 65d074 (via rvthunk)
INFO:__main__:Patching "rumble_calculate" at b9e30 in XBE with redirect to 65d082 (via rvthunk)
INFO:__main__:Patching "rumble_clear_for_local_player" at b9d30 in XBE with redirect to 6498a0
INFO:__main__:Patching "rumble_dispose" at b9b50 in XBE with redirect to 649870
INFO:__main__:Patching "rumble_dispose_from_old_map" at b9dd0 in XBE with redirect to 6498d0
INFO:__main__:Patching "rumble_initialize" at b9b30 in XBE with redirect to 649850
INFO:__main__:Patching "rumble_initialize_for_new_map" at b9b60 in XBE with redirect to 649880
INFO:__main__:Patching "rumble_update" at b9fd0 in XBE with redirect to 649b90
INFO:__main__:Patching "saved_game_files_dispose" at 1c2840 in XBE with redirect to 650ed0
INFO:__main__:Patching "saved_game_files_initialize" at 1c3750 in XBE with redirect to 650f30
INFO:__main__:Patching "scenario_dispose_from_old_map" at 18e2f0 in XBE with redirect to 651ae0
INFO:__main__:Patching "scenario_frame_update" at 18e300 in XBE with redirect to 651af0
INFO:__main__:Patching "scenario_get" at 18e3c0 in XBE with redirect to 651bb0
INFO:__main__:Patching "scenario_initialize" at 18e280 in XBE with redirect to 6516e0
INFO:__main__:Patching "scenario_initialize_for_new_map" at 18e2a0 in XBE with redirect to 651700
INFO:__main__:Patching "scenario_load" at 18f090 in XBE with redirect to 651e10
INFO:__main__:Patching "scenario_switch_structure_bsp" at 18eb40 in XBE with redirect to 651c10
INFO:__main__:Patching "scenario_unload" at 18e310 in XBE with redirect to 651b00
INFO:__main__:Skipping thunk "screenshot_render" export
INFO:__main__:Patching "scripted_hud_messages_clear" at d5120 in XBE with redirect to 651160
INFO:__main__:Patching "set_random_seed" at a76a0 in XBE with redirect to 647e20
INFO:__main__:Patching "shell_idle" at 191250 in XBE with redirect to 6526c0
INFO:__main__:Patching "sort_desired_local_player_controllers" at 100090 in XBE with redirect to 64dc90
INFO:__main__:Patching "sound_classes_dispose" at 1c89c0 in XBE with redirect to 6522f0
INFO:__main__:Patching "sound_classes_dispose_from_old_map" at 1c89b0 in XBE with redirect to 6522e0
INFO:__main__:Patching "sound_classes_initialize" at 1c8990 in XBE with redirect to 6522c0
INFO:__main__:Patching "sound_classes_initialize_for_new_map" at 1c8b70 in XBE with redirect to 652300
INFO:__main__:Patching "sound_dispose_from_old_map" at 1cf640 in XBE with redirect to 652370
INFO:__main__:Patching "sound_initialize_for_new_map" at 1cb810 in XBE with redirect to 652360
INFO:__main__:Patching "stack_walk" at 92d60 in XBE with redirect to 645490
INFO:__main__:Patching "structures_dispose" at 1983f0 in XBE with redirect to 651f50
INFO:__main__:Patching "structures_dispose_from_old_map" at 1983e0 in XBE with redirect to 651f40
INFO:__main__:Patching "structures_initialize" at 1983c0 in XBE with redirect to 651f20
INFO:__main__:Patching "structures_initialize_for_new_map" at 1983d0 in XBE with redirect to 651f30
INFO:__main__:Patching "system_exit" at 8e2f0 in XBE with redirect to 645470
INFO:__main__:Patching "system_milliseconds" at 8e370 in XBE with redirect to 645480
INFO:__main__:Patching "tag_get" at 1ba140 in XBE with redirect to 652960
INFO:__main__:Patching "terminal_update" at e39e0 in XBE with redirect to 64d890
INFO:__main__:Patching "transport_dispose" at 822d0 in XBE with redirect to 6430a0
INFO:__main__:Patching "ui_widget_game_data_build_version" at f0ea0 in XBE with redirect to 64d950
INFO:__main__:Patching "ui_widget_game_data_function_invoke" at f0a30 in XBE with redirect to 64d900
INFO:__main__:Patching "ui_widgets_disable_pause_game" at e46b0 in XBE with redirect to 64d8d0
INFO:__main__:Patching "ui_widgets_safe_to_load" at e3c80 in XBE with redirect to 64d8c0
INFO:__main__:Patching "unlock_global_random_seed" at 10b0a0 in XBE with redirect to 64fb30
INFO:__main__:Patching "update_loaded_module_section_attributes" at 191260 in XBE with redirect to 6526d0
INFO:__main__:Patching "ustrncpy" at 19dc90 in XBE with redirect to 652540
INFO:__main__:Patching "weather_particle_systems_dispose" at a3fb0 in XBE with redirect to 646fb0
INFO:__main__:Patching "weather_particle_systems_dispose_from_old_map" at a3f90 in XBE with redirect to 646f90
INFO:__main__:Patching "weather_particle_systems_initialize" at a3ef0 in XBE with redirect to 646f00
INFO:__main__:Patching "weather_particle_systems_initialize_for_new_map" at a3f20 in XBE with redirect to 646f40
INFO:__main__:Patching "widgets_update" at 136520 in XBE with redirect to 6524d0
INFO:__main__:Patching "xbox_demos_launch" at e0500 in XBE with redirect to 64d660
INFO:__main__:Patching "xbox_game_state_close_file" at 1c0330 in XBE with redirect to 651330
INFO:__main__:Patching "xbox_game_state_dispose_buffer" at 1c0220 in XBE with redirect to 6512f0
INFO:__main__:Generating patched XBE (/mnt/g/dev/halo/halo-patched/default.xbe)...
INFO:xbe:Writing section .text at 0x348
INFO:xbe:Writing section D3D at 0x380
INFO:xbe:Writing section D3DX at 0x3b8
INFO:xbe:Writing section DSOUND at 0x3f0
INFO:xbe:Writing section XNET at 0x428
INFO:xbe:Writing section BINK at 0x460
INFO:xbe:Writing section BINK32 at 0x498
INFO:xbe:Writing section BINK32A at 0x4d0
INFO:xbe:Writing section BINK16 at 0x508
INFO:xbe:Writing section BINK4444 at 0x540
INFO:xbe:Writing section BINK5551 at 0x578
INFO:xbe:Writing section BINK16MX at 0x5b0
INFO:xbe:Writing section BINK16X2 at 0x5e8
INFO:xbe:Writing section BINK16M at 0x620
INFO:xbe:Writing section BINK32MX at 0x658
INFO:xbe:Writing section BINK32X2 at 0x690
INFO:xbe:Writing section BINK32M at 0x6c8
INFO:xbe:Writing section XPP at 0x700
INFO:xbe:Writing section .rdata at 0x738
INFO:xbe:Writing section .data at 0x770
INFO:xbe:Writing section DOLBY at 0x7a8
INFO:xbe:Writing section BINKDATA at 0x7e0
INFO:xbe:Writing section $$XTIMAGE at 0x818
INFO:xbe:Writing section $$XSIMAGE at 0x850
INFO:xbe:Writing section hdr.patch at 0x888
INFO:xbe:Writing section .text.patch at 0x8c0
INFO:xbe:Writing section .rdata.patch at 0x8f8
INFO:xbe:Writing section .data.patch at 0x930
INFO:xbe:Writing section .thunks.patch at 0x968
INFO:xbe:Writing section .rvthunks at 0x9a0
INFO:__main__:Generating GDB init script
INFO:__main__:Build complete
INFO:__main__:- Patched XBE: /mnt/g/dev/halo/halo-patched/default.xbe
gmake[2]: warning:  Clock skew detected.  Your build may be incomplete.
[100%] Built target patched_xbe
