$ cmake --build build --target halo
exit=0

[stdout]
-- Configuring done (0.1s)
-- Generating done (0.4s)
-- Build files have been written to: /mnt/g/dev/halo/build
[  0%] Built target create_gen_dir
[  3%] Built target import_libs_target
[  4%] Generating generated/build_info.c, generated/.force
[  5%] Building C object CMakeFiles/halo.dir/generated/build_info.c.obj
[  6%] Linking C executable halo
[100%] Built target halo

[stderr]
CMake Warning (dev) at CMakeLists.txt:1 (project):
  cmake_minimum_required() should be called prior to this top-level project()
  call.  Please see the cmake-commands(7) manual for usage documentation of
  both commands.
This warning is for project developers.  Use -Wno-dev to suppress it.

gmake[1]: Warning: File 'CMakeFiles/Makefile2' has modification time 0.36 s in the future
gmake[2]: Warning: File 'CMakeFiles/Makefile2' has modification time 0.32 s in the future
gmake[3]: Warning: File 'CMakeFiles/create_gen_dir.dir/progress.make' has modification time 0.26 s in the future
gmake[3]: warning:  Clock skew detected.  Your build may be incomplete.
gmake[3]: Warning: File 'CMakeFiles/create_gen_dir.dir/progress.make' has modification time 0.24 s in the future
gmake[3]: warning:  Clock skew detected.  Your build may be incomplete.
gmake[3]: Warning: File 'CMakeFiles/import_libs_target.dir/progress.make' has modification time 0.24 s in the future
gmake[3]: warning:  Clock skew detected.  Your build may be incomplete.
gmake[3]: Warning: File 'CMakeFiles/import_libs_target.dir/progress.make' has modification time 0.21 s in the future
gmake[3]: warning:  Clock skew detected.  Your build may be incomplete.
gmake[3]: Warning: File 'CMakeFiles/halo.dir/progress.make' has modification time 0.16 s in the future
gmake[3]: warning:  Clock skew detected.  Your build may be incomplete.
gmake[3]: Warning: File 'CMakeFiles/halo.dir/compiler_depend.make' has modification time 0.32 s in the future
gmake[3]: warning:  Clock skew detected.  Your build may be incomplete.
gmake[2]: warning:  Clock skew detected.  Your build may be incomplete.
gmake[1]: warning:  Clock skew detected.  Your build may be incomplete.
